<?xml version="1.0" encoding="UTF-8"?>
<testng-results ignored="0" total="2" passed="2" failed="0" skipped="0">
  <reporter-output>
  </reporter-output>
  <suite started-at="2025-06-06T19:52:10 IST" name="Default suite" finished-at="2025-06-06T19:52:26 IST" duration-ms="16364">
    <groups>
    </groups>
    <test started-at="2025-06-06T19:52:10 IST" name="Default test" finished-at="2025-06-06T19:52:26 IST" duration-ms="16364">
      <class name="utils.baseTest">
        <test-method signature="setup()[pri:0, instance:utils.baseTest@742ff096]" started-at="2025-06-06T19:52:10 IST" name="setup" finished-at="2025-06-06T19:52:26 IST" duration-ms="15746" status="PASS">
          <reporter-output>
          </reporter-output>
        </test-method> <!-- setup -->
        <test-method signature="tearDown()[pri:0, instance:utils.baseTest@742ff096]" started-at="2025-06-06T19:52:26 IST" name="tearDown" finished-at="2025-06-06T19:52:26 IST" duration-ms="399" status="PASS">
          <reporter-output>
          </reporter-output>
        </test-method> <!-- tearDown -->
      </class> <!-- utils.baseTest -->
    </test> <!-- Default test -->
  </suite> <!-- Default suite -->
</testng-results>
